2025-05-18 18:39:40,510 [MainProcess: 49103] [MainThread: 139650310956864] [INFO] src.core.config_handler: [create_conf] found config at /home/prince/.config/pyman/config.json
2025-05-18 18:40:10,732 [MainProcess: 49270] [MainThread: 126481389066048] [INFO] src.core.config_handler: [create_conf] found config at /home/prince/.config/pyman/config.json
2025-05-18 18:40:53,954 [MainProcess: 49275] [MainThread: 136987864655680] [INFO] src.core.config_handler: [create_conf] found config at /home/prince/.config/pyman/config.json
2025-05-18 18:40:53,956 [MainProcess: 49275] [MainThread: 136987864655680] [INFO] src.core.conda: 
2025-05-18 18:41:43,854 [MainProcess: 49413] [MainThread: 132420169824064] [WARNING] src.core.conda: 
2025-05-18 18:42:33,325 [MainProcess: 49534] [MainThread: 136285556299584] [INFO] src.core.config_handler: [create_conf] found config at /home/prince/.config/pyman/config.json
2025-05-18 18:42:33,327 [MainProcess: 49534] [MainThread: 136285556299584] [INFO] src.core.conda: 
2025-05-18 18:42:33,327 [MainProcess: 49534] [MainThread: 136285556299584] [INFO] src.core.conda: 
2025-05-18 18:44:49,835 [MainProcess: 49571] [MainThread: 128470005552960] [INFO] src.core.config_handler: [create_conf] found config at /home/prince/.config/pyman/config.json
2025-05-18 18:45:14,953 [MainProcess: 49610] [MainThread: 129451520431936] [INFO] src.core.config_handler: [create_conf] found config at /home/prince/.config/pyman/config.json
2025-05-18 18:45:14,955 [MainProcess: 49610] [MainThread: 129451520431936] [INFO] src.core.conda: 
2025-05-18 18:45:14,955 [MainProcess: 49610] [MainThread: 129451520431936] [INFO] src.core.conda: 
2025-05-18 18:47:01,210 [MainProcess: 49639] [MainThread: 126347953342272] [INFO] src.core.config_handler: [create_conf] found config at /home/prince/.config/pyman/config.json
2025-05-18 18:47:01,210 [MainProcess: 49639] [MainThread: 126347953342272] [INFO] src.core.conda: /home/prince/miniconda3/envs
2025-05-18 18:47:01,212 [MainProcess: 49639] [MainThread: 126347953342272] [INFO] src.core.conda: 
2025-05-18 18:47:01,212 [MainProcess: 49639] [MainThread: 126347953342272] [INFO] src.core.conda: 
2025-05-18 19:29:06,902 [MainProcess: 53384] [MainThread: 123981227763520] [INFO] src.core.config_handler: [create_conf] found config at /home/prince/.config/pyman/config.json
2025-05-18 19:29:06,902 [MainProcess: 53384] [MainThread: 123981227763520] [INFO] src.core.conda: /home/prince/miniconda3/envs
2025-05-18 19:29:06,904 [MainProcess: 53384] [MainThread: 123981227763520] [INFO] src.core.conda: main
test

2025-05-18 19:29:06,905 [MainProcess: 53384] [MainThread: 123981227763520] [INFO] src.core.conda: 
2025-05-18 20:55:54,569 [MainProcess: 60701] [MainThread: 137818326181696] [INFO] src.core.config_handler: [create_conf] found config at /home/prince/.config/pyman/config.json
2025-05-18 20:55:54,569 [MainProcess: 60701] [MainThread: 137818326181696] [INFO] src.core.env_handler: /home/prince/miniconda3/envs
2025-05-18 20:55:54,572 [MainProcess: 60701] [MainThread: 137818326181696] [INFO] src.core.env_handler: main
test

2025-05-18 20:55:54,572 [MainProcess: 60701] [MainThread: 137818326181696] [INFO] src.core.env_handler: 
2025-05-18 20:59:28,287 [MainProcess: 60732] [MainThread: 131839102732096] [INFO] src.core.config_handler: [create_conf] found config at /home/prince/.config/pyman/config.json
2025-05-18 20:59:28,287 [MainProcess: 60732] [MainThread: 131839102732096] [INFO] src.core.env_handler: /home/prince/miniconda3/envs
2025-05-18 20:59:28,288 [MainProcess: 60732] [MainThread: 131839102732096] [INFO] src.core.env_handler: main
test

2025-05-18 20:59:28,288 [MainProcess: 60732] [MainThread: 131839102732096] [INFO] src.core.env_handler: 
2025-05-18 20:59:50,289 [MainProcess: 60750] [MainThread: 123287302870848] [INFO] src.core.config_handler: [create_conf] found config at /home/prince/.config/pyman/config.json
2025-05-18 20:59:50,289 [MainProcess: 60750] [MainThread: 123287302870848] [INFO] src.core.env_handler: /home/prince/miniconda3/envs
2025-05-18 20:59:50,291 [MainProcess: 60750] [MainThread: 123287302870848] [INFO] src.core.env_handler: main
test

2025-05-18 20:59:50,292 [MainProcess: 60750] [MainThread: 123287302870848] [INFO] src.core.env_handler: 
2025-05-18 21:01:07,957 [MainProcess: 61147] [MainThread: 134263358039872] [INFO] src.core.config_handler: [create_conf] found config at /home/prince/.config/pyman/config.json
2025-05-18 21:01:07,957 [MainProcess: 61147] [MainThread: 134263358039872] [INFO] src.core.env_handler: /home/prince/miniconda3/envs
2025-05-18 21:01:07,959 [MainProcess: 61147] [MainThread: 134263358039872] [INFO] src.core.env_handler: main
test

2025-05-18 21:01:07,959 [MainProcess: 61147] [MainThread: 134263358039872] [INFO] src.core.env_handler: 
2025-05-18 21:03:14,208 [MainProcess: 61230] [MainThread: 135132933928768] [INFO] src.core.config_handler: making config at /home/prince/.config/pyman/config.json
2025-05-18 21:03:14,209 [MainProcess: 61230] [MainThread: 135132933928768] [INFO] src.core.config_handler: [create_conf] Created config at /home/prince/.config/pyman/config.json
2025-05-18 21:03:14,209 [MainProcess: 61230] [MainThread: 135132933928768] [INFO] src.core.env_handler: /home/prince/miniconda3/envs
2025-05-18 21:03:14,210 [MainProcess: 61230] [MainThread: 135132933928768] [INFO] src.core.env_handler: main
test

2025-05-18 21:03:14,210 [MainProcess: 61230] [MainThread: 135132933928768] [INFO] src.core.env_handler: 
2025-05-18 21:07:13,655 [MainProcess: 61390] [MainThread: 124538220767040] [INFO] src.core.config_handler: [create_conf] found config at /home/prince/.config/pyman/config.json
2025-05-18 21:07:13,655 [MainProcess: 61390] [MainThread: 124538220767040] [INFO] src.core.env_handler: /home/prince/miniconda3/envs
2025-05-18 21:07:13,657 [MainProcess: 61390] [MainThread: 124538220767040] [INFO] src.core.env_handler: main
test

2025-05-18 21:07:13,657 [MainProcess: 61390] [MainThread: 124538220767040] [INFO] src.core.env_handler: 
2025-05-18 22:00:36,298 [MainProcess: 63942] [MainThread: 132938765555520] [INFO] src.core.config_handler: [create_conf] found config at /home/prince/.config/pyman/config.json
2025-05-18 22:00:36,299 [MainProcess: 63942] [MainThread: 132938765555520] [INFO] src.core.env_handler: /home/prince/miniconda3/envs
2025-05-18 22:00:36,300 [MainProcess: 63942] [MainThread: 132938765555520] [INFO] src.core.env_handler: main
test

2025-05-18 22:00:36,300 [MainProcess: 63942] [MainThread: 132938765555520] [INFO] src.core.env_handler: 
2025-05-18 22:00:36,878 [MainProcess: 63942] [MainThread: 132938765555520] [WARNING] src.core.env_handler: subprocess failed for env : /home/prince/miniconda3/envs/main
2025-05-18 22:00:48,693 [MainProcess: 63957] [MainThread: 137860972685120] [INFO] src.core.config_handler: [create_conf] found config at /home/prince/.config/pyman/config.json
2025-05-18 22:00:48,693 [MainProcess: 63957] [MainThread: 137860972685120] [INFO] src.core.env_handler: /home/prince/miniconda3/envs
2025-05-18 22:00:48,695 [MainProcess: 63957] [MainThread: 137860972685120] [INFO] src.core.env_handler: main
test

2025-05-18 22:00:48,695 [MainProcess: 63957] [MainThread: 137860972685120] [INFO] src.core.env_handler: 
2025-05-18 22:01:06,653 [MainProcess: 64731] [MainThread: 132216829560640] [INFO] src.core.config_handler: [create_conf] found config at /home/prince/.config/pyman/config.json
2025-05-18 22:01:06,653 [MainProcess: 64731] [MainThread: 132216829560640] [INFO] src.core.env_handler: /home/prince/miniconda3/envs
2025-05-18 22:01:06,655 [MainProcess: 64731] [MainThread: 132216829560640] [INFO] src.core.env_handler: main
test

2025-05-18 22:01:06,655 [MainProcess: 64731] [MainThread: 132216829560640] [INFO] src.core.env_handler: 
2025-05-18 22:01:29,020 [MainProcess: 64746] [MainThread: 126434447124288] [INFO] src.core.config_handler: [create_conf] found config at /home/prince/.config/pyman/config.json
2025-05-18 22:01:29,020 [MainProcess: 64746] [MainThread: 126434447124288] [INFO] src.core.env_handler: /home/prince/miniconda3/envs
2025-05-18 22:01:29,021 [MainProcess: 64746] [MainThread: 126434447124288] [INFO] src.core.env_handler: main
test

2025-05-18 22:01:29,021 [MainProcess: 64746] [MainThread: 126434447124288] [INFO] src.core.env_handler: 
2025-05-18 22:01:41,628 [MainProcess: 64761] [MainThread: 130282175018816] [INFO] src.core.config_handler: [create_conf] found config at /home/prince/.config/pyman/config.json
2025-05-18 22:01:41,628 [MainProcess: 64761] [MainThread: 130282175018816] [INFO] src.core.env_handler: /home/prince/miniconda3/envs
2025-05-18 22:01:41,630 [MainProcess: 64761] [MainThread: 130282175018816] [INFO] src.core.env_handler: main
test

2025-05-18 22:01:41,630 [MainProcess: 64761] [MainThread: 130282175018816] [INFO] src.core.env_handler: 
2025-05-18 22:03:58,408 [MainProcess: 65009] [MainThread: 130470075541312] [INFO] src.core.config_handler: [create_conf] found config at /home/prince/.config/pyman/config.json
2025-05-18 22:03:58,408 [MainProcess: 65009] [MainThread: 130470075541312] [INFO] src.core.env_handler: /home/prince/miniconda3/envs
2025-05-18 22:03:58,409 [MainProcess: 65009] [MainThread: 130470075541312] [INFO] src.core.env_handler: main
test

2025-05-18 22:03:58,410 [MainProcess: 65009] [MainThread: 130470075541312] [INFO] src.core.env_handler: 
2025-05-18 22:12:09,748 [MainProcess: 65220] [MainThread: 136697879377728] [INFO] src.core.config_handler: [create_conf] found config at /home/prince/.config/pyman/config.json
2025-05-18 22:12:09,748 [MainProcess: 65220] [MainThread: 136697879377728] [INFO] src.core.env_handler: /home/prince/miniconda3/envs
2025-05-18 22:12:09,750 [MainProcess: 65220] [MainThread: 136697879377728] [INFO] src.core.env_handler: main
test

2025-05-18 22:12:09,750 [MainProcess: 65220] [MainThread: 136697879377728] [INFO] src.core.env_handler: 
2025-05-18 22:12:10,328 [MainProcess: 65220] [MainThread: 136697879377728] [WARNING] src.core.env_handler: subprocess failed for env : /home/prince/miniconda3/envs/main
2025-05-18 22:13:16,336 [MainProcess: 65390] [MainThread: 134811161257792] [INFO] src.core.config_handler: [create_conf] found config at /home/prince/.config/pyman/config.json
2025-05-18 22:13:16,336 [MainProcess: 65390] [MainThread: 134811161257792] [INFO] src.core.env_handler: /home/prince/miniconda3/envs
2025-05-18 22:13:16,338 [MainProcess: 65390] [MainThread: 134811161257792] [INFO] src.core.env_handler: main
test

2025-05-18 22:13:16,338 [MainProcess: 65390] [MainThread: 134811161257792] [INFO] src.core.env_handler: 
2025-05-18 22:13:16,916 [MainProcess: 65390] [MainThread: 134811161257792] [WARNING] src.core.env_handler: subprocess failed for env : /home/prince/miniconda3/envs/main
2025-05-18 22:14:57,252 [MainProcess: 65446] [MainThread: 134513348925248] [INFO] src.core.config_handler: [create_conf] found config at /home/prince/.config/pyman/config.json
2025-05-18 22:14:57,252 [MainProcess: 65446] [MainThread: 134513348925248] [INFO] src.core.env_handler: /home/prince/miniconda3/envs
2025-05-18 22:14:57,255 [MainProcess: 65446] [MainThread: 134513348925248] [INFO] src.core.env_handler: main
test

2025-05-18 22:14:57,255 [MainProcess: 65446] [MainThread: 134513348925248] [INFO] src.core.env_handler: 
2025-05-18 22:14:57,837 [MainProcess: 65446] [MainThread: 134513348925248] [WARNING] src.core.env_handler: subprocess failed for env : /home/prince/miniconda3/envs/main
2025-05-18 22:15:32,932 [MainProcess: 65494] [MainThread: 125756796114752] [INFO] src.core.config_handler: [create_conf] found config at /home/prince/.config/pyman/config.json
2025-05-18 22:15:32,932 [MainProcess: 65494] [MainThread: 125756796114752] [INFO] src.core.env_handler: /home/prince/miniconda3/envs
2025-05-18 22:15:32,933 [MainProcess: 65494] [MainThread: 125756796114752] [INFO] src.core.env_handler: main
test

2025-05-18 22:15:32,933 [MainProcess: 65494] [MainThread: 125756796114752] [INFO] src.core.env_handler: 
2025-05-18 22:15:33,514 [MainProcess: 65494] [MainThread: 125756796114752] [WARNING] src.core.env_handler: subprocess failed for env : /home/prince/miniconda3/envs/main
2025-05-18 22:30:00,237 [MainProcess: 65683] [MainThread: 137358502565696] [INFO] src.core.config_handler: [create_conf] found config at /home/prince/.config/pyman/config.json
2025-05-18 22:30:00,238 [MainProcess: 65683] [MainThread: 137358502565696] [INFO] src.core.env_handler: /home/prince/miniconda3/envs
2025-05-18 22:30:00,239 [MainProcess: 65683] [MainThread: 137358502565696] [INFO] src.core.env_handler: main
test

2025-05-18 22:30:00,239 [MainProcess: 65683] [MainThread: 137358502565696] [INFO] src.core.env_handler: 
2025-05-18 22:30:00,817 [MainProcess: 65683] [MainThread: 137358502565696] [WARNING] src.core.env_handler: subprocess failed for env : /home/prince/miniconda3/envs/main
2025-05-18 22:49:19,095 [MainProcess: 65960] [MainThread: 136447915677504] [INFO] src.core.config_handler: [create_conf] found config at /home/prince/.config/pyman/config.json
2025-05-18 22:49:19,096 [MainProcess: 65960] [MainThread: 136447915677504] [INFO] src.core.env_handler: /home/prince/miniconda3/envs
2025-05-18 22:49:19,097 [MainProcess: 65960] [MainThread: 136447915677504] [INFO] src.core.env_handler: main
test

2025-05-18 22:49:19,097 [MainProcess: 65960] [MainThread: 136447915677504] [INFO] src.core.env_handler: 
2025-05-18 22:49:19,680 [MainProcess: 65960] [MainThread: 136447915677504] [WARNING] src.core.env_handler: subprocess failed for env : /home/prince/miniconda3/envs/main
2025-05-18 22:49:19,712 [MainProcess: 65960] [MainThread: 136447915677504] [WARNING] src.core.env_handler: subprocess failed for env : /home/prince/tests/boot.dev/asteroid/.venv
2025-05-18 22:49:19,725 [MainProcess: 65960] [MainThread: 136447915677504] [WARNING] src.core.env_handler: subprocess failed for env : /home/prince/projects/Ascii_Art_gen/.venv
2025-05-18 22:49:19,735 [MainProcess: 65960] [MainThread: 136447915677504] [WARNING] src.core.env_handler: subprocess failed for env : /home/prince/projects/book/.venv
2025-05-18 22:49:19,746 [MainProcess: 65960] [MainThread: 136447915677504] [WARNING] src.core.env_handler: subprocess failed for env : /home/prince/projects/pyman.bak/.venv
2025-05-18 22:54:24,551 [MainProcess: 66281] [MainThread: 130620087125824] [INFO] src.core.config_handler: [create_conf] found config at /home/prince/.config/pyman/config.json
2025-05-18 22:54:24,551 [MainProcess: 66281] [MainThread: 130620087125824] [INFO] src.core.env_handler: /home/prince/miniconda3/envs
2025-05-18 22:54:24,553 [MainProcess: 66281] [MainThread: 130620087125824] [INFO] src.core.env_handler: main
test

2025-05-18 22:54:24,553 [MainProcess: 66281] [MainThread: 130620087125824] [INFO] src.core.env_handler: 
2025-05-18 22:54:25,144 [MainProcess: 66281] [MainThread: 130620087125824] [WARNING] src.core.env_handler: subprocess failed for env : /home/prince/miniconda3/envs/main
2025-05-18 22:54:25,166 [MainProcess: 66281] [MainThread: 130620087125824] [WARNING] src.core.env_handler: subprocess failed for env : /home/prince/tests/boot.dev/asteroid/.venv
2025-05-18 22:55:45,836 [MainProcess: 66460] [MainThread: 126831654045504] [INFO] src.core.config_handler: [create_conf] found config at /home/prince/.config/pyman/config.json
2025-05-18 22:55:45,836 [MainProcess: 66460] [MainThread: 126831654045504] [INFO] src.core.env_handler: /home/prince/miniconda3/envs
2025-05-18 22:55:45,838 [MainProcess: 66460] [MainThread: 126831654045504] [INFO] src.core.env_handler: main
test

2025-05-18 22:55:45,838 [MainProcess: 66460] [MainThread: 126831654045504] [INFO] src.core.env_handler: 
2025-05-18 22:55:46,431 [MainProcess: 66460] [MainThread: 126831654045504] [WARNING] src.core.env_handler: subprocess failed for env : /home/prince/miniconda3/envs/main
2025-05-18 22:57:02,121 [MainProcess: 66950] [MainThread: 123371333826368] [INFO] src.core.config_handler: [create_conf] found config at /home/prince/.config/pyman/config.json
2025-05-18 22:57:02,121 [MainProcess: 66950] [MainThread: 123371333826368] [INFO] src.core.env_handler: /home/prince/miniconda3/envs
2025-05-18 22:57:02,123 [MainProcess: 66950] [MainThread: 123371333826368] [INFO] src.core.env_handler: main
test

2025-05-18 22:57:02,124 [MainProcess: 66950] [MainThread: 123371333826368] [INFO] src.core.env_handler: 
2025-05-18 22:57:59,571 [MainProcess: 66998] [MainThread: 139341641262912] [INFO] src.core.config_handler: [create_conf] found config at /home/prince/.config/pyman/config.json
2025-05-18 22:57:59,571 [MainProcess: 66998] [MainThread: 139341641262912] [INFO] src.core.env_handler: /home/prince/miniconda3/envs
2025-05-18 22:57:59,573 [MainProcess: 66998] [MainThread: 139341641262912] [INFO] src.core.env_handler: main
test

2025-05-18 22:57:59,573 [MainProcess: 66998] [MainThread: 139341641262912] [INFO] src.core.env_handler: 
